{"/Users/JonahC/HR/SEI/Senior/SDC/config.js": {"path":"/Users/JonahC/HR/SEI/Senior/SDC/config.js","statementMap":{"0":{"start":{"line":1,"column":0},"end":{"line":3,"column":1}}},"fnMap":{},"branchMap":{},"s":{"0":1},"f":{},"b":{},"_coverageSchema":"1a1c01bbd47fc00a2c39e90264f33305004495a9","hash":"bbb89a12b1ade47cc0454ee75f10e7862371af46"}
,"/Users/JonahC/HR/SEI/Senior/SDC/db/index.js": {"path":"/Users/JonahC/HR/SEI/Senior/SDC/db/index.js","statementMap":{"0":{"start":{"line":1,"column":11},"end":{"line":1,"column":24}},"1":{"start":{"line":2,"column":15},"end":{"line":2,"column":38}},"2":{"start":{"line":4,"column":13},"end":{"line":10,"column":2}},"3":{"start":{"line":12,"column":0},"end":{"line":17,"column":3}},"4":{"start":{"line":13,"column":2},"end":{"line":15,"column":3}},"5":{"start":{"line":14,"column":4},"end":{"line":14,"column":14}},"6":{"start":{"line":16,"column":2},"end":{"line":16,"column":9}},"7":{"start":{"line":19,"column":17},"end":{"line":21,"column":1}},"8":{"start":{"line":20,"column":2},"end":{"line":20,"column":20}},"9":{"start":{"line":23,"column":0},"end":{"line":23,"column":38}}},"fnMap":{"0":{"name":"(anonymous_0)","decl":{"start":{"line":12,"column":13},"end":{"line":12,"column":14}},"loc":{"start":{"line":12,"column":36},"end":{"line":17,"column":1}},"line":12},"1":{"name":"(anonymous_1)","decl":{"start":{"line":19,"column":17},"end":{"line":19,"column":18}},"loc":{"start":{"line":19,"column":23},"end":{"line":21,"column":1}},"line":19}},"branchMap":{"0":{"loc":{"start":{"line":13,"column":2},"end":{"line":15,"column":3}},"type":"if","locations":[{"start":{"line":13,"column":2},"end":{"line":15,"column":3}},{"start":{"line":13,"column":2},"end":{"line":15,"column":3}}],"line":13}},"s":{"0":1,"1":1,"2":1,"3":1,"4":0,"5":0,"6":0,"7":1,"8":1,"9":1},"f":{"0":0,"1":1},"b":{"0":[0,0]},"_coverageSchema":"1a1c01bbd47fc00a2c39e90264f33305004495a9","hash":"426bbaa41e789f1bbf84fad1f4d053ad6a39eaa6"}
,"/Users/JonahC/HR/SEI/Senior/SDC/server/controllers.js": {"path":"/Users/JonahC/HR/SEI/Senior/SDC/server/controllers.js","statementMap":{"0":{"start":{"line":1,"column":15},"end":{"line":1,"column":37}},"1":{"start":{"line":3,"column":20},"end":{"line":71,"column":1}},"2":{"start":{"line":6,"column":20},"end":{"line":6,"column":30}},"3":{"start":{"line":7,"column":6},"end":{"line":12,"column":9}},"4":{"start":{"line":8,"column":8},"end":{"line":10,"column":9}},"5":{"start":{"line":9,"column":10},"end":{"line":9,"column":36}},"6":{"start":{"line":11,"column":8},"end":{"line":11,"column":23}},"7":{"start":{"line":17,"column":22},"end":{"line":17,"column":43}},"8":{"start":{"line":18,"column":6},"end":{"line":23,"column":9}},"9":{"start":{"line":19,"column":8},"end":{"line":21,"column":9}},"10":{"start":{"line":20,"column":10},"end":{"line":20,"column":36}},"11":{"start":{"line":22,"column":8},"end":{"line":22,"column":23}},"12":{"start":{"line":28,"column":22},"end":{"line":28,"column":43}},"13":{"start":{"line":29,"column":6},"end":{"line":34,"column":9}},"14":{"start":{"line":30,"column":8},"end":{"line":32,"column":9}},"15":{"start":{"line":31,"column":10},"end":{"line":31,"column":36}},"16":{"start":{"line":33,"column":8},"end":{"line":33,"column":23}},"17":{"start":{"line":39,"column":22},"end":{"line":39,"column":43}},"18":{"start":{"line":40,"column":6},"end":{"line":45,"column":9}},"19":{"start":{"line":41,"column":8},"end":{"line":43,"column":9}},"20":{"start":{"line":42,"column":10},"end":{"line":42,"column":36}},"21":{"start":{"line":44,"column":8},"end":{"line":44,"column":23}},"22":{"start":{"line":50,"column":20},"end":{"line":50,"column":44}},"23":{"start":{"line":51,"column":6},"end":{"line":56,"column":9}},"24":{"start":{"line":52,"column":8},"end":{"line":54,"column":9}},"25":{"start":{"line":53,"column":10},"end":{"line":53,"column":36}},"26":{"start":{"line":55,"column":8},"end":{"line":55,"column":23}},"27":{"start":{"line":59,"column":23},"end":{"line":62,"column":7}},"28":{"start":{"line":63,"column":6},"end":{"line":68,"column":9}},"29":{"start":{"line":64,"column":8},"end":{"line":66,"column":9}},"30":{"start":{"line":65,"column":10},"end":{"line":65,"column":36}},"31":{"start":{"line":67,"column":8},"end":{"line":67,"column":35}},"32":{"start":{"line":73,"column":0},"end":{"line":73,"column":29}}},"fnMap":{"0":{"name":"(anonymous_0)","decl":{"start":{"line":5,"column":17},"end":{"line":5,"column":18}},"loc":{"start":{"line":5,"column":31},"end":{"line":13,"column":5}},"line":5},"1":{"name":"(anonymous_1)","decl":{"start":{"line":7,"column":32},"end":{"line":7,"column":33}},"loc":{"start":{"line":7,"column":47},"end":{"line":12,"column":7}},"line":7},"2":{"name":"(anonymous_2)","decl":{"start":{"line":16,"column":20},"end":{"line":16,"column":21}},"loc":{"start":{"line":16,"column":34},"end":{"line":24,"column":5}},"line":16},"3":{"name":"(anonymous_3)","decl":{"start":{"line":18,"column":37},"end":{"line":18,"column":38}},"loc":{"start":{"line":18,"column":52},"end":{"line":23,"column":7}},"line":18},"4":{"name":"(anonymous_4)","decl":{"start":{"line":27,"column":22},"end":{"line":27,"column":23}},"loc":{"start":{"line":27,"column":36},"end":{"line":35,"column":5}},"line":27},"5":{"name":"(anonymous_5)","decl":{"start":{"line":29,"column":39},"end":{"line":29,"column":40}},"loc":{"start":{"line":29,"column":54},"end":{"line":34,"column":7}},"line":29},"6":{"name":"(anonymous_6)","decl":{"start":{"line":38,"column":24},"end":{"line":38,"column":25}},"loc":{"start":{"line":38,"column":38},"end":{"line":46,"column":5}},"line":38},"7":{"name":"(anonymous_7)","decl":{"start":{"line":40,"column":41},"end":{"line":40,"column":42}},"loc":{"start":{"line":40,"column":56},"end":{"line":45,"column":7}},"line":40},"8":{"name":"(anonymous_8)","decl":{"start":{"line":49,"column":13},"end":{"line":49,"column":14}},"loc":{"start":{"line":49,"column":27},"end":{"line":57,"column":5}},"line":49},"9":{"name":"(anonymous_9)","decl":{"start":{"line":51,"column":32},"end":{"line":51,"column":33}},"loc":{"start":{"line":51,"column":47},"end":{"line":56,"column":7}},"line":51},"10":{"name":"(anonymous_10)","decl":{"start":{"line":58,"column":14},"end":{"line":58,"column":15}},"loc":{"start":{"line":58,"column":28},"end":{"line":69,"column":5}},"line":58},"11":{"name":"(anonymous_11)","decl":{"start":{"line":63,"column":34},"end":{"line":63,"column":35}},"loc":{"start":{"line":63,"column":49},"end":{"line":68,"column":7}},"line":63}},"branchMap":{"0":{"loc":{"start":{"line":8,"column":8},"end":{"line":10,"column":9}},"type":"if","locations":[{"start":{"line":8,"column":8},"end":{"line":10,"column":9}},{"start":{"line":8,"column":8},"end":{"line":10,"column":9}}],"line":8},"1":{"loc":{"start":{"line":19,"column":8},"end":{"line":21,"column":9}},"type":"if","locations":[{"start":{"line":19,"column":8},"end":{"line":21,"column":9}},{"start":{"line":19,"column":8},"end":{"line":21,"column":9}}],"line":19},"2":{"loc":{"start":{"line":30,"column":8},"end":{"line":32,"column":9}},"type":"if","locations":[{"start":{"line":30,"column":8},"end":{"line":32,"column":9}},{"start":{"line":30,"column":8},"end":{"line":32,"column":9}}],"line":30},"3":{"loc":{"start":{"line":41,"column":8},"end":{"line":43,"column":9}},"type":"if","locations":[{"start":{"line":41,"column":8},"end":{"line":43,"column":9}},{"start":{"line":41,"column":8},"end":{"line":43,"column":9}}],"line":41},"4":{"loc":{"start":{"line":52,"column":8},"end":{"line":54,"column":9}},"type":"if","locations":[{"start":{"line":52,"column":8},"end":{"line":54,"column":9}},{"start":{"line":52,"column":8},"end":{"line":54,"column":9}}],"line":52},"5":{"loc":{"start":{"line":64,"column":8},"end":{"line":66,"column":9}},"type":"if","locations":[{"start":{"line":64,"column":8},"end":{"line":66,"column":9}},{"start":{"line":64,"column":8},"end":{"line":66,"column":9}}],"line":64}},"s":{"0":1,"1":1,"2":0,"3":0,"4":0,"5":0,"6":0,"7":0,"8":0,"9":0,"10":0,"11":0,"12":0,"13":0,"14":0,"15":0,"16":0,"17":0,"18":0,"19":0,"20":0,"21":0,"22":0,"23":0,"24":0,"25":0,"26":0,"27":0,"28":0,"29":0,"30":0,"31":0,"32":1},"f":{"0":0,"1":0,"2":0,"3":0,"4":0,"5":0,"6":0,"7":0,"8":0,"9":0,"10":0,"11":0},"b":{"0":[0,0],"1":[0,0],"2":[0,0],"3":[0,0],"4":[0,0],"5":[0,0]},"_coverageSchema":"1a1c01bbd47fc00a2c39e90264f33305004495a9","hash":"d7d34aa858cd06039a96f7dd32139ae91c3a2247"}
,"/Users/JonahC/HR/SEI/Senior/SDC/server/models.js": {"path":"/Users/JonahC/HR/SEI/Senior/SDC/server/models.js","statementMap":{"0":{"start":{"line":1,"column":11},"end":{"line":1,"column":36}},"1":{"start":{"line":3,"column":15},"end":{"line":173,"column":1}},"2":{"start":{"line":5,"column":17},"end":{"line":5,"column":40}},"3":{"start":{"line":6,"column":18},"end":{"line":6,"column":42}},"4":{"start":{"line":7,"column":21},"end":{"line":7,"column":72}},"5":{"start":{"line":8,"column":4},"end":{"line":16,"column":7}},"6":{"start":{"line":9,"column":6},"end":{"line":15,"column":7}},"7":{"start":{"line":10,"column":8},"end":{"line":10,"column":53}},"8":{"start":{"line":11,"column":8},"end":{"line":11,"column":22}},"9":{"start":{"line":13,"column":8},"end":{"line":13,"column":57}},"10":{"start":{"line":14,"column":8},"end":{"line":14,"column":33}},"11":{"start":{"line":19,"column":22},"end":{"line":19,"column":35}},"12":{"start":{"line":20,"column":21},"end":{"line":20,"column":72}},"13":{"start":{"line":21,"column":4},"end":{"line":39,"column":7}},"14":{"start":{"line":22,"column":6},"end":{"line":38,"column":7}},"15":{"start":{"line":23,"column":8},"end":{"line":23,"column":57}},"16":{"start":{"line":24,"column":8},"end":{"line":24,"column":22}},"17":{"start":{"line":26,"column":25},"end":{"line":26,"column":33}},"18":{"start":{"line":27,"column":28},"end":{"line":27,"column":106}},"19":{"start":{"line":28,"column":8},"end":{"line":37,"column":11}},"20":{"start":{"line":29,"column":10},"end":{"line":36,"column":11}},"21":{"start":{"line":30,"column":12},"end":{"line":30,"column":26}},"22":{"start":{"line":32,"column":28},"end":{"line":32,"column":39}},"23":{"start":{"line":33,"column":12},"end":{"line":33,"column":40}},"24":{"start":{"line":34,"column":12},"end":{"line":34,"column":65}},"25":{"start":{"line":35,"column":12},"end":{"line":35,"column":37}},"26":{"start":{"line":42,"column":22},"end":{"line":42,"column":35}},"27":{"start":{"line":43,"column":22},"end":{"line":46,"column":5}},"28":{"start":{"line":47,"column":20},"end":{"line":47,"column":21}},"29":{"start":{"line":48,"column":21},"end":{"line":48,"column":80}},"30":{"start":{"line":49,"column":4},"end":{"line":88,"column":7}},"31":{"start":{"line":50,"column":6},"end":{"line":87,"column":7}},"32":{"start":{"line":51,"column":8},"end":{"line":51,"column":59}},"33":{"start":{"line":52,"column":8},"end":{"line":52,"column":22}},"34":{"start":{"line":54,"column":8},"end":{"line":56,"column":11}},"35":{"start":{"line":55,"column":10},"end":{"line":55,"column":36}},"36":{"start":{"line":57,"column":8},"end":{"line":86,"column":11}},"37":{"start":{"line":58,"column":30},"end":{"line":58,"column":91}},"38":{"start":{"line":59,"column":10},"end":{"line":85,"column":13}},"39":{"start":{"line":60,"column":12},"end":{"line":60,"column":64}},"40":{"start":{"line":61,"column":12},"end":{"line":84,"column":13}},"41":{"start":{"line":62,"column":14},"end":{"line":62,"column":57}},"42":{"start":{"line":63,"column":14},"end":{"line":63,"column":28}},"43":{"start":{"line":65,"column":32},"end":{"line":65,"column":74}},"44":{"start":{"line":66,"column":14},"end":{"line":83,"column":17}},"45":{"start":{"line":67,"column":16},"end":{"line":82,"column":17}},"46":{"start":{"line":68,"column":18},"end":{"line":68,"column":59}},"47":{"start":{"line":69,"column":18},"end":{"line":69,"column":32}},"48":{"start":{"line":71,"column":18},"end":{"line":71,"column":54}},"49":{"start":{"line":72,"column":18},"end":{"line":77,"column":21}},"50":{"start":{"line":73,"column":20},"end":{"line":76,"column":22}},"51":{"start":{"line":78,"column":18},"end":{"line":78,"column":30}},"52":{"start":{"line":79,"column":18},"end":{"line":81,"column":19}},"53":{"start":{"line":80,"column":20},"end":{"line":80,"column":46}},"54":{"start":{"line":91,"column":22},"end":{"line":91,"column":35}},"55":{"start":{"line":92,"column":21},"end":{"line":92,"column":91}},"56":{"start":{"line":93,"column":4},"end":{"line":101,"column":7}},"57":{"start":{"line":94,"column":6},"end":{"line":100,"column":7}},"58":{"start":{"line":95,"column":8},"end":{"line":95,"column":61}},"59":{"start":{"line":96,"column":8},"end":{"line":96,"column":22}},"60":{"start":{"line":98,"column":8},"end":{"line":98,"column":65}},"61":{"start":{"line":99,"column":8},"end":{"line":99,"column":33}},"62":{"start":{"line":104,"column":19},"end":{"line":104,"column":32}},"63":{"start":{"line":105,"column":21},"end":{"line":105,"column":23}},"64":{"start":{"line":106,"column":22},"end":{"line":106,"column":24}},"65":{"start":{"line":107,"column":21},"end":{"line":107,"column":70}},"66":{"start":{"line":108,"column":4},"end":{"line":129,"column":7}},"67":{"start":{"line":109,"column":6},"end":{"line":128,"column":7}},"68":{"start":{"line":110,"column":8},"end":{"line":110,"column":52}},"69":{"start":{"line":111,"column":8},"end":{"line":111,"column":22}},"70":{"start":{"line":113,"column":8},"end":{"line":113,"column":32}},"71":{"start":{"line":114,"column":28},"end":{"line":114,"column":98}},"72":{"start":{"line":115,"column":8},"end":{"line":127,"column":11}},"73":{"start":{"line":116,"column":10},"end":{"line":126,"column":11}},"74":{"start":{"line":117,"column":12},"end":{"line":117,"column":70}},"75":{"start":{"line":118,"column":12},"end":{"line":118,"column":26}},"76":{"start":{"line":120,"column":12},"end":{"line":120,"column":37}},"77":{"start":{"line":121,"column":12},"end":{"line":121,"column":52}},"78":{"start":{"line":122,"column":12},"end":{"line":125,"column":15}},"79":{"start":{"line":132,"column":23},"end":{"line":132,"column":49}},"80":{"start":{"line":133,"column":4},"end":{"line":171,"column":7}},"81":{"start":{"line":134,"column":6},"end":{"line":170,"column":7}},"82":{"start":{"line":135,"column":8},"end":{"line":135,"column":51}},"83":{"start":{"line":136,"column":8},"end":{"line":136,"column":22}},"84":{"start":{"line":138,"column":26},"end":{"line":138,"column":41}},"85":{"start":{"line":140,"column":10},"end":{"line":140,"column":91}},"86":{"start":{"line":141,"column":25},"end":{"line":146,"column":9}},"87":{"start":{"line":147,"column":8},"end":{"line":169,"column":11}},"88":{"start":{"line":148,"column":10},"end":{"line":168,"column":11}},"89":{"start":{"line":149,"column":12},"end":{"line":149,"column":55}},"90":{"start":{"line":150,"column":12},"end":{"line":150,"column":26}},"91":{"start":{"line":153,"column":14},"end":{"line":153,"column":91}},"92":{"start":{"line":154,"column":32},"end":{"line":158,"column":13}},"93":{"start":{"line":159,"column":12},"end":{"line":167,"column":15}},"94":{"start":{"line":160,"column":14},"end":{"line":166,"column":15}},"95":{"start":{"line":161,"column":16},"end":{"line":161,"column":68}},"96":{"start":{"line":162,"column":16},"end":{"line":162,"column":30}},"97":{"start":{"line":164,"column":16},"end":{"line":164,"column":52}},"98":{"start":{"line":165,"column":16},"end":{"line":165,"column":36}},"99":{"start":{"line":175,"column":0},"end":{"line":175,"column":24}}},"fnMap":{"0":{"name":"(anonymous_0)","decl":{"start":{"line":4,"column":15},"end":{"line":4,"column":16}},"loc":{"start":{"line":4,"column":36},"end":{"line":17,"column":3}},"line":4},"1":{"name":"(anonymous_1)","decl":{"start":{"line":8,"column":23},"end":{"line":8,"column":24}},"loc":{"start":{"line":8,"column":37},"end":{"line":16,"column":5}},"line":8},"2":{"name":"(anonymous_2)","decl":{"start":{"line":18,"column":18},"end":{"line":18,"column":19}},"loc":{"start":{"line":18,"column":39},"end":{"line":40,"column":3}},"line":18},"3":{"name":"(anonymous_3)","decl":{"start":{"line":21,"column":23},"end":{"line":21,"column":24}},"loc":{"start":{"line":21,"column":37},"end":{"line":39,"column":5}},"line":21},"4":{"name":"(anonymous_4)","decl":{"start":{"line":28,"column":30},"end":{"line":28,"column":31}},"loc":{"start":{"line":28,"column":44},"end":{"line":37,"column":9}},"line":28},"5":{"name":"(anonymous_5)","decl":{"start":{"line":41,"column":20},"end":{"line":41,"column":21}},"loc":{"start":{"line":41,"column":41},"end":{"line":89,"column":3}},"line":41},"6":{"name":"(anonymous_6)","decl":{"start":{"line":49,"column":23},"end":{"line":49,"column":24}},"loc":{"start":{"line":49,"column":37},"end":{"line":88,"column":5}},"line":49},"7":{"name":"(anonymous_7)","decl":{"start":{"line":54,"column":25},"end":{"line":54,"column":26}},"loc":{"start":{"line":54,"column":40},"end":{"line":56,"column":9}},"line":54},"8":{"name":"(anonymous_8)","decl":{"start":{"line":57,"column":25},"end":{"line":57,"column":26}},"loc":{"start":{"line":57,"column":40},"end":{"line":86,"column":9}},"line":57},"9":{"name":"(anonymous_9)","decl":{"start":{"line":59,"column":32},"end":{"line":59,"column":33}},"loc":{"start":{"line":59,"column":46},"end":{"line":85,"column":11}},"line":59},"10":{"name":"(anonymous_10)","decl":{"start":{"line":66,"column":34},"end":{"line":66,"column":35}},"loc":{"start":{"line":66,"column":48},"end":{"line":83,"column":15}},"line":66},"11":{"name":"(anonymous_11)","decl":{"start":{"line":72,"column":35},"end":{"line":72,"column":36}},"loc":{"start":{"line":72,"column":50},"end":{"line":77,"column":19}},"line":72},"12":{"name":"(anonymous_12)","decl":{"start":{"line":90,"column":22},"end":{"line":90,"column":23}},"loc":{"start":{"line":90,"column":43},"end":{"line":102,"column":3}},"line":90},"13":{"name":"(anonymous_13)","decl":{"start":{"line":93,"column":23},"end":{"line":93,"column":24}},"loc":{"start":{"line":93,"column":37},"end":{"line":101,"column":5}},"line":93},"14":{"name":"(anonymous_14)","decl":{"start":{"line":103,"column":15},"end":{"line":103,"column":16}},"loc":{"start":{"line":103,"column":36},"end":{"line":130,"column":3}},"line":103},"15":{"name":"(anonymous_15)","decl":{"start":{"line":108,"column":23},"end":{"line":108,"column":24}},"loc":{"start":{"line":108,"column":37},"end":{"line":129,"column":5}},"line":108},"16":{"name":"(anonymous_16)","decl":{"start":{"line":115,"column":30},"end":{"line":115,"column":31}},"loc":{"start":{"line":115,"column":44},"end":{"line":127,"column":9}},"line":115},"17":{"name":"(anonymous_17)","decl":{"start":{"line":131,"column":14},"end":{"line":131,"column":15}},"loc":{"start":{"line":131,"column":38},"end":{"line":172,"column":3}},"line":131},"18":{"name":"(anonymous_18)","decl":{"start":{"line":133,"column":25},"end":{"line":133,"column":26}},"loc":{"start":{"line":133,"column":39},"end":{"line":171,"column":5}},"line":133},"19":{"name":"(anonymous_19)","decl":{"start":{"line":147,"column":37},"end":{"line":147,"column":38}},"loc":{"start":{"line":147,"column":51},"end":{"line":169,"column":9}},"line":147},"20":{"name":"(anonymous_20)","decl":{"start":{"line":159,"column":47},"end":{"line":159,"column":48}},"loc":{"start":{"line":159,"column":61},"end":{"line":167,"column":13}},"line":159}},"branchMap":{"0":{"loc":{"start":{"line":5,"column":17},"end":{"line":5,"column":40}},"type":"binary-expr","locations":[{"start":{"line":5,"column":17},"end":{"line":5,"column":35}},{"start":{"line":5,"column":39},"end":{"line":5,"column":40}}],"line":5},"1":{"loc":{"start":{"line":6,"column":18},"end":{"line":6,"column":42}},"type":"binary-expr","locations":[{"start":{"line":6,"column":18},"end":{"line":6,"column":37}},{"start":{"line":6,"column":41},"end":{"line":6,"column":42}}],"line":6},"2":{"loc":{"start":{"line":9,"column":6},"end":{"line":15,"column":7}},"type":"if","locations":[{"start":{"line":9,"column":6},"end":{"line":15,"column":7}},{"start":{"line":9,"column":6},"end":{"line":15,"column":7}}],"line":9},"3":{"loc":{"start":{"line":22,"column":6},"end":{"line":38,"column":7}},"type":"if","locations":[{"start":{"line":22,"column":6},"end":{"line":38,"column":7}},{"start":{"line":22,"column":6},"end":{"line":38,"column":7}}],"line":22},"4":{"loc":{"start":{"line":29,"column":10},"end":{"line":36,"column":11}},"type":"if","locations":[{"start":{"line":29,"column":10},"end":{"line":36,"column":11}},{"start":{"line":29,"column":10},"end":{"line":36,"column":11}}],"line":29},"5":{"loc":{"start":{"line":50,"column":6},"end":{"line":87,"column":7}},"type":"if","locations":[{"start":{"line":50,"column":6},"end":{"line":87,"column":7}},{"start":{"line":50,"column":6},"end":{"line":87,"column":7}}],"line":50},"6":{"loc":{"start":{"line":61,"column":12},"end":{"line":84,"column":13}},"type":"if","locations":[{"start":{"line":61,"column":12},"end":{"line":84,"column":13}},{"start":{"line":61,"column":12},"end":{"line":84,"column":13}}],"line":61},"7":{"loc":{"start":{"line":67,"column":16},"end":{"line":82,"column":17}},"type":"if","locations":[{"start":{"line":67,"column":16},"end":{"line":82,"column":17}},{"start":{"line":67,"column":16},"end":{"line":82,"column":17}}],"line":67},"8":{"loc":{"start":{"line":79,"column":18},"end":{"line":81,"column":19}},"type":"if","locations":[{"start":{"line":79,"column":18},"end":{"line":81,"column":19}},{"start":{"line":79,"column":18},"end":{"line":81,"column":19}}],"line":79},"9":{"loc":{"start":{"line":94,"column":6},"end":{"line":100,"column":7}},"type":"if","locations":[{"start":{"line":94,"column":6},"end":{"line":100,"column":7}},{"start":{"line":94,"column":6},"end":{"line":100,"column":7}}],"line":94},"10":{"loc":{"start":{"line":109,"column":6},"end":{"line":128,"column":7}},"type":"if","locations":[{"start":{"line":109,"column":6},"end":{"line":128,"column":7}},{"start":{"line":109,"column":6},"end":{"line":128,"column":7}}],"line":109},"11":{"loc":{"start":{"line":116,"column":10},"end":{"line":126,"column":11}},"type":"if","locations":[{"start":{"line":116,"column":10},"end":{"line":126,"column":11}},{"start":{"line":116,"column":10},"end":{"line":126,"column":11}}],"line":116},"12":{"loc":{"start":{"line":134,"column":6},"end":{"line":170,"column":7}},"type":"if","locations":[{"start":{"line":134,"column":6},"end":{"line":170,"column":7}},{"start":{"line":134,"column":6},"end":{"line":170,"column":7}}],"line":134},"13":{"loc":{"start":{"line":148,"column":10},"end":{"line":168,"column":11}},"type":"if","locations":[{"start":{"line":148,"column":10},"end":{"line":168,"column":11}},{"start":{"line":148,"column":10},"end":{"line":168,"column":11}}],"line":148},"14":{"loc":{"start":{"line":160,"column":14},"end":{"line":166,"column":15}},"type":"if","locations":[{"start":{"line":160,"column":14},"end":{"line":166,"column":15}},{"start":{"line":160,"column":14},"end":{"line":166,"column":15}}],"line":160}},"s":{"0":1,"1":1,"2":0,"3":0,"4":0,"5":0,"6":0,"7":0,"8":0,"9":0,"10":0,"11":0,"12":0,"13":0,"14":0,"15":0,"16":0,"17":0,"18":0,"19":0,"20":0,"21":0,"22":0,"23":0,"24":0,"25":0,"26":0,"27":0,"28":0,"29":0,"30":0,"31":0,"32":0,"33":0,"34":0,"35":0,"36":0,"37":0,"38":0,"39":0,"40":0,"41":0,"42":0,"43":0,"44":0,"45":0,"46":0,"47":0,"48":0,"49":0,"50":0,"51":0,"52":0,"53":0,"54":0,"55":0,"56":0,"57":0,"58":0,"59":0,"60":0,"61":0,"62":0,"63":0,"64":0,"65":0,"66":0,"67":0,"68":0,"69":0,"70":0,"71":0,"72":0,"73":0,"74":0,"75":0,"76":0,"77":0,"78":0,"79":0,"80":0,"81":0,"82":0,"83":0,"84":0,"85":0,"86":0,"87":0,"88":0,"89":0,"90":0,"91":0,"92":0,"93":0,"94":0,"95":0,"96":0,"97":0,"98":0,"99":1},"f":{"0":0,"1":0,"2":0,"3":0,"4":0,"5":0,"6":0,"7":0,"8":0,"9":0,"10":0,"11":0,"12":0,"13":0,"14":0,"15":0,"16":0,"17":0,"18":0,"19":0,"20":0},"b":{"0":[0,0],"1":[0,0],"2":[0,0],"3":[0,0],"4":[0,0],"5":[0,0],"6":[0,0],"7":[0,0],"8":[0,0],"9":[0,0],"10":[0,0],"11":[0,0],"12":[0,0],"13":[0,0],"14":[0,0]},"_coverageSchema":"1a1c01bbd47fc00a2c39e90264f33305004495a9","hash":"e75124f65337d0a64290bbc146b889fceeea1c30"}
,"/Users/JonahC/HR/SEI/Senior/SDC/server/routes.js": {"path":"/Users/JonahC/HR/SEI/Senior/SDC/server/routes.js","statementMap":{"0":{"start":{"line":1,"column":16},"end":{"line":1,"column":34}},"1":{"start":{"line":2,"column":15},"end":{"line":2,"column":31}},"2":{"start":{"line":3,"column":20},"end":{"line":3,"column":47}},"3":{"start":{"line":5,"column":0},"end":{"line":5,"column":62}},"4":{"start":{"line":7,"column":0},"end":{"line":7,"column":76}},"5":{"start":{"line":9,"column":0},"end":{"line":12,"column":2}},"6":{"start":{"line":14,"column":0},"end":{"line":17,"column":2}},"7":{"start":{"line":19,"column":0},"end":{"line":19,"column":54}},"8":{"start":{"line":21,"column":0},"end":{"line":21,"column":56}},"9":{"start":{"line":23,"column":0},"end":{"line":23,"column":24}}},"fnMap":{},"branchMap":{},"s":{"0":1,"1":1,"2":1,"3":1,"4":1,"5":1,"6":1,"7":1,"8":1,"9":1},"f":{},"b":{},"_coverageSchema":"1a1c01bbd47fc00a2c39e90264f33305004495a9","hash":"9ad9580dcdfcdf4a039377af9163367dba6ab005"}
}
